<?xml version="1.0" encoding="UTF-8"?>
<coverage generated="1644784744608" clover="3.2.0">
  <project timestamp="1644784744609" name="All files">
    <metrics statements="30" coveredstatements="24" conditionals="8" coveredconditionals="8" methods="7" coveredmethods="6" elements="45" coveredelements="38" complexity="0" loc="30" ncloc="30" packages="1" files="1" classes="1"/>
    <file name="LinkedList.js" path="C:\dev\JS_ARCHITECTURE_PATTERNS\js\LinkedList.js">
      <metrics statements="30" coveredstatements="24" conditionals="8" coveredconditionals="8" methods="7" coveredmethods="6"/>
      <line num="2" count="1" type="stmt"/>
      <line num="3" count="1" type="stmt"/>
      <line num="8" count="9" type="stmt"/>
      <line num="9" count="9" type="stmt"/>
      <line num="18" count="23" type="stmt"/>
      <line num="22" count="23" type="stmt"/>
      <line num="23" count="23" type="stmt"/>
      <line num="28" count="8" type="cond" truecount="4" falsecount="0"/>
      <line num="30" count="4" type="stmt"/>
      <line num="31" count="4" type="stmt"/>
      <line num="32" count="5" type="stmt"/>
      <line num="34" count="4" type="stmt"/>
      <line num="38" count="4" type="cond" truecount="2" falsecount="0"/>
      <line num="40" count="3" type="stmt"/>
      <line num="41" count="3" type="cond" truecount="2" falsecount="0"/>
      <line num="43" count="1" type="stmt"/>
      <line num="44" count="1" type="stmt"/>
      <line num="48" count="0" type="stmt"/>
      <line num="49" count="0" type="stmt"/>
      <line num="50" count="0" type="stmt"/>
      <line num="52" count="0" type="stmt"/>
      <line num="53" count="0" type="stmt"/>
      <line num="55" count="0" type="stmt"/>
      <line num="61" count="24" type="stmt"/>
      <line num="62" count="24" type="stmt"/>
      <line num="69" count="1" type="stmt"/>
      <line num="70" count="8" type="stmt"/>
      <line num="71" count="8" type="stmt"/>
      <line num="73" count="20" type="stmt"/>
      <line num="75" count="8" type="stmt"/>
    </file>
  </project>
</coverage>
