{"C:\\dev\\JS_ARCHITECTURE_PATTERNS\\js\\LinkedList.js": {"path":"C:\\dev\\JS_ARCHITECTURE_PATTERNS\\js\\LinkedList.js","statementMap":{"0":{"start":{"line":2,"column":0},"end":{"line":2,"column":65}},"1":{"start":{"line":3,"column":0},"end":{"line":3,"column":27}},"2":{"start":{"line":8,"column":4},"end":{"line":8,"column":21}},"3":{"start":{"line":9,"column":4},"end":{"line":9,"column":20}},"4":{"start":{"line":18,"column":20},"end":{"line":18,"column":55}},"5":{"start":{"line":22,"column":4},"end":{"line":22,"column":24}},"6":{"start":{"line":23,"column":4},"end":{"line":23,"column":18}},"7":{"start":{"line":28,"column":4},"end":{"line":28,"column":55}},"8":{"start":{"line":28,"column":43},"end":{"line":28,"column":55}},"9":{"start":{"line":30,"column":18},"end":{"line":30,"column":27}},"10":{"start":{"line":31,"column":4},"end":{"line":33,"column":5}},"11":{"start":{"line":31,"column":17},"end":{"line":31,"column":18}},"12":{"start":{"line":32,"column":6},"end":{"line":32,"column":29}},"13":{"start":{"line":34,"column":4},"end":{"line":34,"column":19}},"14":{"start":{"line":38,"column":4},"end":{"line":38,"column":53}},"15":{"start":{"line":38,"column":21},"end":{"line":38,"column":53}},"16":{"start":{"line":40,"column":17},"end":{"line":40,"column":43}},"17":{"start":{"line":41,"column":4},"end":{"line":41,"column":34}},"18":{"start":{"line":41,"column":22},"end":{"line":41,"column":34}},"19":{"start":{"line":43,"column":4},"end":{"line":43,"column":53}},"20":{"start":{"line":44,"column":4},"end":{"line":44,"column":18}},"21":{"start":{"line":48,"column":4},"end":{"line":48,"column":31}},"22":{"start":{"line":49,"column":4},"end":{"line":49,"column":18}},"23":{"start":{"line":53,"column":4},"end":{"line":53,"column":51}},"24":{"start":{"line":53,"column":21},"end":{"line":53,"column":51}},"25":{"start":{"line":55,"column":17},"end":{"line":55,"column":43}},"26":{"start":{"line":56,"column":4},"end":{"line":56,"column":34}},"27":{"start":{"line":56,"column":22},"end":{"line":56,"column":34}},"28":{"start":{"line":58,"column":4},"end":{"line":58,"column":31}},"29":{"start":{"line":59,"column":4},"end":{"line":59,"column":18}},"30":{"start":{"line":63,"column":17},"end":{"line":63,"column":19}},"31":{"start":{"line":64,"column":18},"end":{"line":64,"column":27}},"32":{"start":{"line":65,"column":4},"end":{"line":69,"column":5}},"33":{"start":{"line":67,"column":6},"end":{"line":67,"column":47}},"34":{"start":{"line":68,"column":6},"end":{"line":68,"column":29}},"35":{"start":{"line":70,"column":4},"end":{"line":70,"column":33}},"36":{"start":{"line":76,"column":4},"end":{"line":76,"column":23}},"37":{"start":{"line":77,"column":4},"end":{"line":77,"column":21}},"38":{"start":{"line":84,"column":0},"end":{"line":91,"column":2}},"39":{"start":{"line":85,"column":13},"end":{"line":85,"column":29}},"40":{"start":{"line":86,"column":2},"end":{"line":89,"column":3}},"41":{"start":{"line":86,"column":15},"end":{"line":86,"column":32}},"42":{"start":{"line":88,"column":4},"end":{"line":88,"column":31}},"43":{"start":{"line":90,"column":2},"end":{"line":90,"column":12}}},"fnMap":{"0":{"name":"(anonymous_0)","decl":{"start":{"line":7,"column":2},"end":{"line":7,"column":3}},"loc":{"start":{"line":7,"column":16},"end":{"line":10,"column":3}},"line":7},"1":{"name":"(anonymous_1)","decl":{"start":{"line":16,"column":2},"end":{"line":16,"column":3}},"loc":{"start":{"line":16,"column":21},"end":{"line":24,"column":3}},"line":16},"2":{"name":"(anonymous_2)","decl":{"start":{"line":26,"column":2},"end":{"line":26,"column":3}},"loc":{"start":{"line":26,"column":20},"end":{"line":35,"column":3}},"line":26},"3":{"name":"(anonymous_3)","decl":{"start":{"line":37,"column":2},"end":{"line":37,"column":3}},"loc":{"start":{"line":37,"column":30},"end":{"line":45,"column":3}},"line":37},"4":{"name":"(anonymous_4)","decl":{"start":{"line":47,"column":2},"end":{"line":47,"column":3}},"loc":{"start":{"line":47,"column":15},"end":{"line":50,"column":3}},"line":47},"5":{"name":"(anonymous_5)","decl":{"start":{"line":52,"column":2},"end":{"line":52,"column":3}},"loc":{"start":{"line":52,"column":23},"end":{"line":60,"column":3}},"line":52},"6":{"name":"(anonymous_6)","decl":{"start":{"line":62,"column":2},"end":{"line":62,"column":3}},"loc":{"start":{"line":62,"column":10},"end":{"line":71,"column":3}},"line":62},"7":{"name":"(anonymous_7)","decl":{"start":{"line":75,"column":2},"end":{"line":75,"column":3}},"loc":{"start":{"line":75,"column":27},"end":{"line":78,"column":3}},"line":75},"8":{"name":"(anonymous_8)","decl":{"start":{"line":84,"column":24},"end":{"line":84,"column":25}},"loc":{"start":{"line":84,"column":45},"end":{"line":91,"column":1}},"line":84}},"branchMap":{"0":{"loc":{"start":{"line":28,"column":4},"end":{"line":28,"column":55}},"type":"if","locations":[{"start":{"line":28,"column":4},"end":{"line":28,"column":55}},{"start":{},"end":{}}],"line":28},"1":{"loc":{"start":{"line":28,"column":8},"end":{"line":28,"column":41}},"type":"binary-expr","locations":[{"start":{"line":28,"column":8},"end":{"line":28,"column":17}},{"start":{"line":28,"column":21},"end":{"line":28,"column":41}}],"line":28},"2":{"loc":{"start":{"line":38,"column":4},"end":{"line":38,"column":53}},"type":"if","locations":[{"start":{"line":38,"column":4},"end":{"line":38,"column":53}},{"start":{},"end":{}}],"line":38},"3":{"loc":{"start":{"line":41,"column":4},"end":{"line":41,"column":34}},"type":"if","locations":[{"start":{"line":41,"column":4},"end":{"line":41,"column":34}},{"start":{},"end":{}}],"line":41},"4":{"loc":{"start":{"line":53,"column":4},"end":{"line":53,"column":51}},"type":"if","locations":[{"start":{"line":53,"column":4},"end":{"line":53,"column":51}},{"start":{},"end":{}}],"line":53},"5":{"loc":{"start":{"line":56,"column":4},"end":{"line":56,"column":34}},"type":"if","locations":[{"start":{"line":56,"column":4},"end":{"line":56,"column":34}},{"start":{},"end":{}}],"line":56}},"s":{"0":1,"1":1,"2":14,"3":14,"4":37,"5":37,"6":37,"7":11,"8":6,"9":5,"10":5,"11":5,"12":5,"13":5,"14":4,"15":1,"16":3,"17":3,"18":2,"19":1,"20":1,"21":3,"22":3,"23":4,"24":2,"25":2,"26":2,"27":2,"28":0,"29":0,"30":0,"31":0,"32":0,"33":0,"34":0,"35":0,"36":38,"37":38,"38":1,"39":13,"40":13,"41":13,"42":34,"43":13},"f":{"0":14,"1":37,"2":11,"3":4,"4":3,"5":4,"6":0,"7":38,"8":13},"b":{"0":[6,5],"1":[11,8],"2":[1,3],"3":[2,1],"4":[2,2],"5":[2,0]},"_coverageSchema":"1a1c01bbd47fc00a2c39e90264f33305004495a9","hash":"73f887b169be13cfeffaaa297ff66e6de36d9d07"}
}
