{"C:\\dev\\JS_ARCHITECTURE_PATTERNS\\js\\LinkedList.js": {"path":"C:\\dev\\JS_ARCHITECTURE_PATTERNS\\js\\LinkedList.js","statementMap":{"0":{"start":{"line":2,"column":0},"end":{"line":2,"column":65}},"1":{"start":{"line":3,"column":0},"end":{"line":3,"column":27}},"2":{"start":{"line":8,"column":4},"end":{"line":8,"column":21}},"3":{"start":{"line":9,"column":4},"end":{"line":9,"column":20}},"4":{"start":{"line":18,"column":20},"end":{"line":18,"column":55}},"5":{"start":{"line":22,"column":4},"end":{"line":22,"column":24}},"6":{"start":{"line":23,"column":4},"end":{"line":23,"column":18}},"7":{"start":{"line":29,"column":4},"end":{"line":29,"column":23}},"8":{"start":{"line":30,"column":4},"end":{"line":30,"column":21}}},"fnMap":{"0":{"name":"(anonymous_0)","decl":{"start":{"line":7,"column":2},"end":{"line":7,"column":3}},"loc":{"start":{"line":7,"column":16},"end":{"line":10,"column":3}},"line":7},"1":{"name":"(anonymous_1)","decl":{"start":{"line":16,"column":2},"end":{"line":16,"column":3}},"loc":{"start":{"line":16,"column":21},"end":{"line":24,"column":3}},"line":16},"2":{"name":"(anonymous_2)","decl":{"start":{"line":28,"column":2},"end":{"line":28,"column":3}},"loc":{"start":{"line":28,"column":27},"end":{"line":31,"column":3}},"line":28}},"branchMap":{},"s":{"0":1,"1":1,"2":1,"3":1,"4":2,"5":2,"6":2,"7":2,"8":2},"f":{"0":1,"1":2,"2":2},"b":{},"_coverageSchema":"1a1c01bbd47fc00a2c39e90264f33305004495a9","hash":"b5db16ad0b8de22cff8955c4689a93272e43e5fe"}
}
