TN:
SF:js\LinkedList.js
FN:7,(anonymous_0)
FN:16,(anonymous_1)
FN:26,(anonymous_2)
FN:37,(anonymous_3)
FN:47,(anonymous_4)
FN:52,(anonymous_5)
FN:62,(anonymous_6)
FN:75,(anonymous_7)
FN:84,(anonymous_8)
FNF:9
FNH:8
FNDA:14,(anonymous_0)
FNDA:37,(anonymous_1)
FNDA:11,(anonymous_2)
FNDA:4,(anonymous_3)
FNDA:3,(anonymous_4)
FNDA:4,(anonymous_5)
FNDA:0,(anonymous_6)
FNDA:38,(anonymous_7)
FNDA:13,(anonymous_8)
DA:2,1
DA:3,1
DA:8,14
DA:9,14
DA:18,37
DA:22,37
DA:23,37
DA:28,11
DA:30,5
DA:31,5
DA:32,5
DA:34,5
DA:38,4
DA:40,3
DA:41,3
DA:43,1
DA:44,1
DA:48,3
DA:49,3
DA:53,4
DA:55,2
DA:56,2
DA:58,0
DA:59,0
DA:63,0
DA:64,0
DA:65,0
DA:67,0
DA:68,0
DA:70,0
DA:76,38
DA:77,38
DA:84,1
DA:85,13
DA:86,13
DA:88,34
DA:90,13
LF:37
LH:29
BRDA:28,0,0,6
BRDA:28,0,1,5
BRDA:28,1,0,11
BRDA:28,1,1,8
BRDA:38,2,0,1
BRDA:38,2,1,3
BRDA:41,3,0,2
BRDA:41,3,1,1
BRDA:53,4,0,2
BRDA:53,4,1,2
BRDA:56,5,0,2
BRDA:56,5,1,0
BRF:12
BRH:11
end_of_record
