TN:
SF:js\LinkedList.js
FN:7,(anonymous_0)
FN:16,(anonymous_1)
FN:26,(anonymous_2)
FN:37,(anonymous_3)
FN:47,(anonymous_4)
FN:60,(anonymous_5)
FN:69,(anonymous_6)
FNF:7
FNH:6
FNDA:9,(anonymous_0)
FNDA:23,(anonymous_1)
FNDA:8,(anonymous_2)
FNDA:4,(anonymous_3)
FNDA:0,(anonymous_4)
FNDA:24,(anonymous_5)
FNDA:8,(anonymous_6)
DA:2,1
DA:3,1
DA:8,9
DA:9,9
DA:18,23
DA:22,23
DA:23,23
DA:28,8
DA:30,4
DA:31,4
DA:32,5
DA:34,4
DA:38,4
DA:40,3
DA:41,3
DA:43,1
DA:44,1
DA:48,0
DA:49,0
DA:50,0
DA:52,0
DA:53,0
DA:55,0
DA:61,24
DA:62,24
DA:69,1
DA:70,8
DA:71,8
DA:73,20
DA:75,8
LF:30
LH:24
BRDA:28,0,0,4
BRDA:28,0,1,4
BRDA:28,1,0,8
BRDA:28,1,1,6
BRDA:38,2,0,1
BRDA:38,2,1,3
BRDA:41,3,0,2
BRDA:41,3,1,1
BRF:8
BRH:8
end_of_record
